<?xml version="1.0" encoding="UTF-8"?>
<!-- Generated by org.testng.reporters.JUnitReportReporter -->
<testsuite hostname="Usha" failures="0" tests="1" name="login.LoginToApp" time="4.612" errors="0" timestamp="2023-09-24T20:40:16 IST" skipped="0">
  <testcase classname="login.LoginToApp" name="login" time="4.612"/>
  <system-out/>
</testsuite> <!-- login.LoginToApp -->
