<?xml version="1.0" encoding="UTF-8"?>
<!-- Generated by org.testng.reporters.JUnitReportReporter -->
<testsuite hostname="Usha" failures="0" tests="1" name="login.NavigateToApp" time="2.331" errors="0" timestamp="2023-09-24T20:37:43 IST" skipped="0">
  <testcase classname="login.NavigateToApp" name="launchApp" time="2.331"/>
  <system-out/>
</testsuite> <!-- login.NavigateToApp -->
